<?xml version="1.0" encoding="UTF-8"?>
<testng-results skipped="0" failed="1" ignored="0" total="4" passed="3">
  <reporter-output>
  </reporter-output>
  <suite name="Suite" duration-ms="74244" started-at="2022-05-08T02:19:37Z" finished-at="2022-05-08T02:20:51Z">
    <groups>
    </groups>
    <test name="Test" duration-ms="74244" started-at="2022-05-08T02:19:37Z" finished-at="2022-05-08T02:20:51Z">
      <class name="academy.NavigationBar">
        <test-method status="PASS" signature="navigation()[pri:0, instance:academy.NavigationBar@537f60bf]" name="navigation" duration-ms="150" started-at="2022-05-08T02:20:50Z" finished-at="2022-05-08T02:20:51Z">
          <reporter-output>
          </reporter-output>
        </test-method> <!-- navigation -->
      </class> <!-- academy.NavigationBar -->
      <class name="academy.HomePage">
        <test-method status="PASS" signature="initilize()[pri:0, instance:academy.HomePage@7b36aa0c]" name="initilize" is-config="true" duration-ms="3404" started-at="2022-05-08T02:19:37Z" finished-at="2022-05-08T02:19:40Z">
          <reporter-output>
          </reporter-output>
        </test-method> <!-- initilize -->
        <test-method status="PASS" signature="initilize()[pri:0, instance:academy.NavigationBar@537f60bf]" name="initilize" is-config="true" duration-ms="19997" started-at="2022-05-08T02:19:40Z" finished-at="2022-05-08T02:20:00Z">
          <reporter-output>
          </reporter-output>
        </test-method> <!-- initilize -->
        <test-method status="PASS" signature="initilize()[pri:0, instance:academy.ValidateTitle@5824a83d]" name="initilize" is-config="true" duration-ms="20391" started-at="2022-05-08T02:20:00Z" finished-at="2022-05-08T02:20:21Z">
          <reporter-output>
          </reporter-output>
        </test-method> <!-- initilize -->
        <test-method status="FAIL" signature="basePageNavigatin(java.lang.String, java.lang.String)[pri:0, instance:academy.HomePage@7b36aa0c]" name="basePageNavigatin" duration-ms="17533" started-at="2022-05-08T02:20:21Z" data-provider="getData" finished-at="2022-05-08T02:20:38Z">
          <params>
            <param index="0">
              <value>
                <![CDATA[abc@gmail.com]]>
              </value>
            </param>
            <param index="1">
              <value>
                <![CDATA[12345]]>
              </value>
            </param>
          </params>
          <exception class="org.openqa.selenium.ElementClickInterceptedException">
            <message>
              <![CDATA[element click intercepted: Element <a href="https://rahulshettyacademy.com/sign_in/">...</a> is not clickable at point (994, 16). Other element would receive the click: <div class="listbuilder-popup-content">...</div>
  (Session info: chrome=101.0.4951.41)
Build info: version: '4.1.1', revision: 'e8fcc2cecf'
System info: host: 'DESKTOP-UA48023', ip: '192.168.153.1', os.name: 'Windows 10', os.arch: 'amd64', os.version: '10.0', java.version: '1.8.0_271'
Driver info: org.openqa.selenium.chrome.ChromeDriver
Command: [d2f353f340b871ce60737bf1bd798195, clickElement {id=2aaf0ae3-5442-439b-835b-483c8b894911}]
Capabilities {acceptInsecureCerts: false, browserName: chrome, browserVersion: 101.0.4951.41, chrome: {chromedriverVersion: 100.0.4896.60 (6a5d10861ce8..., userDataDir: C:\Users\mahim\AppData\Loca...}, goog:chromeOptions: {debuggerAddress: localhost:61308}, javascriptEnabled: true, networkConnectionEnabled: false, pageLoadStrategy: normal, platform: WINDOWS, platformName: WINDOWS, proxy: Proxy(), se:cdp: ws://localhost:61308/devtoo..., se:cdpVersion: 101.0.4951.41, setWindowRect: true, strictFileInteractability: false, timeouts: {implicit: 0, pageLoad: 300000, script: 30000}, unhandledPromptBehavior: dismiss and notify, webauthn:extension:credBlob: true, webauthn:extension:largeBlob: true, webauthn:virtualAuthenticators: true}
Element: [[ChromeDriver: chrome on WINDOWS (d2f353f340b871ce60737bf1bd798195)] -> css selector: a[href*=sign_in]]
Session ID: d2f353f340b871ce60737bf1bd798195]]>
            </message>
            <full-stacktrace>
              <![CDATA[org.openqa.selenium.ElementClickInterceptedException: element click intercepted: Element <a href="https://rahulshettyacademy.com/sign_in/">...</a> is not clickable at point (994, 16). Other element would receive the click: <div class="listbuilder-popup-content">...</div>
  (Session info: chrome=101.0.4951.41)
Build info: version: '4.1.1', revision: 'e8fcc2cecf'
System info: host: 'DESKTOP-UA48023', ip: '192.168.153.1', os.name: 'Windows 10', os.arch: 'amd64', os.version: '10.0', java.version: '1.8.0_271'
Driver info: org.openqa.selenium.chrome.ChromeDriver
Command: [d2f353f340b871ce60737bf1bd798195, clickElement {id=2aaf0ae3-5442-439b-835b-483c8b894911}]
Capabilities {acceptInsecureCerts: false, browserName: chrome, browserVersion: 101.0.4951.41, chrome: {chromedriverVersion: 100.0.4896.60 (6a5d10861ce8..., userDataDir: C:\Users\mahim\AppData\Loca...}, goog:chromeOptions: {debuggerAddress: localhost:61308}, javascriptEnabled: true, networkConnectionEnabled: false, pageLoadStrategy: normal, platform: WINDOWS, platformName: WINDOWS, proxy: Proxy(), se:cdp: ws://localhost:61308/devtoo..., se:cdpVersion: 101.0.4951.41, setWindowRect: true, strictFileInteractability: false, timeouts: {implicit: 0, pageLoad: 300000, script: 30000}, unhandledPromptBehavior: dismiss and notify, webauthn:extension:credBlob: true, webauthn:extension:largeBlob: true, webauthn:virtualAuthenticators: true}
Element: [[ChromeDriver: chrome on WINDOWS (d2f353f340b871ce60737bf1bd798195)] -> css selector: a[href*=sign_in]]
Session ID: d2f353f340b871ce60737bf1bd798195
at sun.reflect.NativeConstructorAccessorImpl.newInstance0(Native Method)
at sun.reflect.NativeConstructorAccessorImpl.newInstance(NativeConstructorAccessorImpl.java:62)
at sun.reflect.DelegatingConstructorAccessorImpl.newInstance(DelegatingConstructorAccessorImpl.java:45)
at java.lang.reflect.Constructor.newInstance(Constructor.java:423)
at org.openqa.selenium.remote.codec.w3c.W3CHttpResponseCodec.createException(W3CHttpResponseCodec.java:200)
at org.openqa.selenium.remote.codec.w3c.W3CHttpResponseCodec.decode(W3CHttpResponseCodec.java:133)
at org.openqa.selenium.remote.codec.w3c.W3CHttpResponseCodec.decode(W3CHttpResponseCodec.java:53)
at org.openqa.selenium.remote.HttpCommandExecutor.execute(HttpCommandExecutor.java:184)
at org.openqa.selenium.remote.service.DriverCommandExecutor.invokeExecute(DriverCommandExecutor.java:167)
at org.openqa.selenium.remote.service.DriverCommandExecutor.execute(DriverCommandExecutor.java:142)
at org.openqa.selenium.remote.RemoteWebDriver.execute(RemoteWebDriver.java:543)
at org.openqa.selenium.remote.RemoteWebElement.execute(RemoteWebElement.java:251)
at org.openqa.selenium.remote.RemoteWebElement.click(RemoteWebElement.java:77)
at academy.HomePage.basePageNavigatin(HomePage.java:33)
at sun.reflect.NativeMethodAccessorImpl.invoke0(Native Method)
at sun.reflect.NativeMethodAccessorImpl.invoke(NativeMethodAccessorImpl.java:62)
at sun.reflect.DelegatingMethodAccessorImpl.invoke(DelegatingMethodAccessorImpl.java:43)
at java.lang.reflect.Method.invoke(Method.java:498)
at org.testng.internal.MethodInvocationHelper.invokeMethod(MethodInvocationHelper.java:124)
at org.testng.internal.Invoker.invokeMethod(Invoker.java:583)
at org.testng.internal.Invoker.invokeTestMethod(Invoker.java:719)
at org.testng.internal.Invoker.invokeTestMethods(Invoker.java:989)
at org.testng.internal.TestMethodWorker.invokeTestMethods(TestMethodWorker.java:125)
at org.testng.internal.TestMethodWorker.run(TestMethodWorker.java:109)
at org.testng.TestRunner.privateRun(TestRunner.java:648)
at org.testng.TestRunner.run(TestRunner.java:505)
at org.testng.SuiteRunner.runTest(SuiteRunner.java:455)
at org.testng.SuiteRunner.runSequentially(SuiteRunner.java:450)
at org.testng.SuiteRunner.privateRun(SuiteRunner.java:415)
at org.testng.SuiteRunner.run(SuiteRunner.java:364)
at org.testng.SuiteRunnerWorker.runSuite(SuiteRunnerWorker.java:52)
at org.testng.SuiteRunnerWorker.run(SuiteRunnerWorker.java:84)
at org.testng.TestNG.runSuitesSequentially(TestNG.java:1208)
at org.testng.TestNG.runSuitesLocally(TestNG.java:1137)
at org.testng.TestNG.runSuites(TestNG.java:1049)
at org.testng.TestNG.run(TestNG.java:1017)
at org.apache.maven.surefire.testng.TestNGExecutor.run(TestNGExecutor.java:324)
at org.apache.maven.surefire.testng.TestNGXmlTestSuite.execute(TestNGXmlTestSuite.java:74)
at org.apache.maven.surefire.testng.TestNGProvider.invoke(TestNGProvider.java:123)
at org.apache.maven.surefire.booter.ForkedBooter.runSuitesInProcess(ForkedBooter.java:456)
at org.apache.maven.surefire.booter.ForkedBooter.execute(ForkedBooter.java:169)
at org.apache.maven.surefire.booter.ForkedBooter.run(ForkedBooter.java:595)
at org.apache.maven.surefire.booter.ForkedBooter.main(ForkedBooter.java:581)
]]>
            </full-stacktrace>
          </exception> <!-- org.openqa.selenium.ElementClickInterceptedException -->
          <reporter-output>
          </reporter-output>
        </test-method> <!-- basePageNavigatin -->
        <test-method status="PASS" signature="basePageNavigatin(java.lang.String, java.lang.String)[pri:0, instance:academy.HomePage@7b36aa0c]" name="basePageNavigatin" duration-ms="12188" started-at="2022-05-08T02:20:38Z" data-provider="getData" finished-at="2022-05-08T02:20:50Z">
          <params>
            <param index="0">
              <value>
                <![CDATA[abcde@gmail.com]]>
              </value>
            </param>
            <param index="1">
              <value>
                <![CDATA[35354]]>
              </value>
            </param>
          </params>
          <reporter-output>
          </reporter-output>
        </test-method> <!-- basePageNavigatin -->
        <test-method status="PASS" signature="tear()[pri:0, instance:academy.HomePage@7b36aa0c]" name="tear" is-config="true" duration-ms="130" started-at="2022-05-08T02:20:51Z" finished-at="2022-05-08T02:20:51Z">
          <reporter-output>
          </reporter-output>
        </test-method> <!-- tear -->
        <test-method status="PASS" signature="tear()[pri:0, instance:academy.NavigationBar@537f60bf]" name="tear" is-config="true" duration-ms="119" started-at="2022-05-08T02:20:51Z" finished-at="2022-05-08T02:20:51Z">
          <reporter-output>
          </reporter-output>
        </test-method> <!-- tear -->
        <test-method status="PASS" signature="tear()[pri:0, instance:academy.ValidateTitle@5824a83d]" name="tear" is-config="true" duration-ms="190" started-at="2022-05-08T02:20:51Z" finished-at="2022-05-08T02:20:51Z">
          <reporter-output>
          </reporter-output>
        </test-method> <!-- tear -->
      </class> <!-- academy.HomePage -->
      <class name="academy.ValidateTitle">
        <test-method status="PASS" signature="basePageNavigation()[pri:0, instance:academy.ValidateTitle@5824a83d]" name="basePageNavigation" duration-ms="82" started-at="2022-05-08T02:20:50Z" finished-at="2022-05-08T02:20:50Z">
          <reporter-output>
          </reporter-output>
        </test-method> <!-- basePageNavigation -->
      </class> <!-- academy.ValidateTitle -->
    </test> <!-- Test -->
  </suite> <!-- Suite -->
</testng-results>
